Determining if the pthread_create exist failed with the following output:
Change Dir: /home/rewrite/Documents/github-repos/clara/build-debug/CMakeFiles/CMakeTmp

Run Build Command:"/usr/bin/make" "cmTC_99bf3/fast"
/usr/bin/make -f CMakeFiles/cmTC_99bf3.dir/build.make CMakeFiles/cmTC_99bf3.dir/build
make[1]: Entering directory '/home/rewrite/Documents/github-repos/clara/build-debug/CMakeFiles/CMakeTmp'
Building C object CMakeFiles/cmTC_99bf3.dir/CheckSymbolExists.c.o
/usr/bin/cc     -o CMakeFiles/cmTC_99bf3.dir/CheckSymbolExists.c.o   -c /home/rewrite/Documents/github-repos/clara/build-debug/CMakeFiles/CMakeTmp/CheckSymbolExists.c
Linking C executable cmTC_99bf3
/usr/bin/cmake -E cmake_link_script CMakeFiles/cmTC_99bf3.dir/link.txt --verbose=1
/usr/bin/cc       CMakeFiles/cmTC_99bf3.dir/CheckSymbolExists.c.o  -o cmTC_99bf3 
CMakeFiles/cmTC_99bf3.dir/CheckSymbolExists.c.o: In function `main':
CheckSymbolExists.c:(.text+0x1b): undefined reference to `pthread_create'
collect2: error: ld returned 1 exit status
CMakeFiles/cmTC_99bf3.dir/build.make:97: recipe for target 'cmTC_99bf3' failed
make[1]: *** [cmTC_99bf3] Error 1
make[1]: Leaving directory '/home/rewrite/Documents/github-repos/clara/build-debug/CMakeFiles/CMakeTmp'
Makefile:126: recipe for target 'cmTC_99bf3/fast' failed
make: *** [cmTC_99bf3/fast] Error 2

File /home/rewrite/Documents/github-repos/clara/build-debug/CMakeFiles/CMakeTmp/CheckSymbolExists.c:
/* */
#include <pthread.h>

int main(int argc, char** argv)
{
  (void)argv;
#ifndef pthread_create
  return ((int*)(&pthread_create))[argc];
#else
  (void)argc;
  return 0;
#endif
}

Determining if the function pthread_create exists in the pthreads failed with the following output:
Change Dir: /home/rewrite/Documents/github-repos/clara/build-debug/CMakeFiles/CMakeTmp

Run Build Command:"/usr/bin/make" "cmTC_0d41b/fast"
/usr/bin/make -f CMakeFiles/cmTC_0d41b.dir/build.make CMakeFiles/cmTC_0d41b.dir/build
make[1]: Entering directory '/home/rewrite/Documents/github-repos/clara/build-debug/CMakeFiles/CMakeTmp'
Building C object CMakeFiles/cmTC_0d41b.dir/CheckFunctionExists.c.o
/usr/bin/cc    -DCHECK_FUNCTION_EXISTS=pthread_create   -o CMakeFiles/cmTC_0d41b.dir/CheckFunctionExists.c.o   -c /usr/share/cmake-3.5/Modules/CheckFunctionExists.c
Linking C executable cmTC_0d41b
/usr/bin/cmake -E cmake_link_script CMakeFiles/cmTC_0d41b.dir/link.txt --verbose=1
/usr/bin/cc   -DCHECK_FUNCTION_EXISTS=pthread_create    CMakeFiles/cmTC_0d41b.dir/CheckFunctionExists.c.o  -o cmTC_0d41b -lpthreads 
/usr/bin/ld: cannot find -lpthreads
collect2: error: ld returned 1 exit status
CMakeFiles/cmTC_0d41b.dir/build.make:97: recipe for target 'cmTC_0d41b' failed
make[1]: *** [cmTC_0d41b] Error 1
make[1]: Leaving directory '/home/rewrite/Documents/github-repos/clara/build-debug/CMakeFiles/CMakeTmp'
Makefile:126: recipe for target 'cmTC_0d41b/fast' failed
make: *** [cmTC_0d41b/fast] Error 2


